{"/Users/michellekaplan/turing/module4/projects/find_my_market_fe/apiCalls.js": {"path":"/Users/michellekaplan/turing/module4/projects/find_my_market_fe/apiCalls.js","statementMap":{"0":{"start":{"line":1,"column":33},"end":{"line":46,"column":3}},"1":{"start":{"line":2,"column":14},"end":{"line":2,"column":61}},"2":{"start":{"line":4,"column":4},"end":{"line":45,"column":9}},"3":{"start":{"line":37,"column":26},"end":{"line":37,"column":41}},"4":{"start":{"line":39,"column":8},"end":{"line":39,"column":33}},"5":{"start":{"line":40,"column":8},"end":{"line":40,"column":120}},"6":{"start":{"line":41,"column":8},"end":{"line":41,"column":57}},"7":{"start":{"line":44,"column":8},"end":{"line":44,"column":39}},"8":{"start":{"line":50,"column":34},"end":{"line":97,"column":3}},"9":{"start":{"line":51,"column":14},"end":{"line":51,"column":61}},"10":{"start":{"line":53,"column":4},"end":{"line":96,"column":9}},"11":{"start":{"line":89,"column":26},"end":{"line":89,"column":41}},"12":{"start":{"line":91,"column":8},"end":{"line":91,"column":60}},"13":{"start":{"line":92,"column":8},"end":{"line":92,"column":31}},"14":{"start":{"line":95,"column":8},"end":{"line":95,"column":39}}},"fnMap":{"0":{"name":"(anonymous_0)","decl":{"start":{"line":1,"column":33},"end":{"line":1,"column":34}},"loc":{"start":{"line":1,"column":75},"end":{"line":46,"column":3}},"line":1},"1":{"name":"(anonymous_1)","decl":{"start":{"line":37,"column":12},"end":{"line":37,"column":13}},"loc":{"start":{"line":37,"column":26},"end":{"line":37,"column":41}},"line":37},"2":{"name":"(anonymous_2)","decl":{"start":{"line":38,"column":12},"end":{"line":38,"column":13}},"loc":{"start":{"line":38,"column":22},"end":{"line":42,"column":7}},"line":38},"3":{"name":"(anonymous_3)","decl":{"start":{"line":43,"column":13},"end":{"line":43,"column":14}},"loc":{"start":{"line":43,"column":24},"end":{"line":45,"column":7}},"line":43},"4":{"name":"(anonymous_4)","decl":{"start":{"line":50,"column":34},"end":{"line":50,"column":35}},"loc":{"start":{"line":50,"column":105},"end":{"line":97,"column":3}},"line":50},"5":{"name":"(anonymous_5)","decl":{"start":{"line":89,"column":12},"end":{"line":89,"column":13}},"loc":{"start":{"line":89,"column":26},"end":{"line":89,"column":41}},"line":89},"6":{"name":"(anonymous_6)","decl":{"start":{"line":90,"column":12},"end":{"line":90,"column":13}},"loc":{"start":{"line":90,"column":22},"end":{"line":93,"column":7}},"line":90},"7":{"name":"(anonymous_7)","decl":{"start":{"line":94,"column":13},"end":{"line":94,"column":14}},"loc":{"start":{"line":94,"column":24},"end":{"line":96,"column":7}},"line":94}},"branchMap":{},"s":{"0":3,"1":0,"2":0,"3":0,"4":0,"5":0,"6":0,"7":0,"8":3,"9":0,"10":0,"11":0,"12":0,"13":0,"14":0},"f":{"0":0,"1":0,"2":0,"3":0,"4":0,"5":0,"6":0,"7":0},"b":{},"_coverageSchema":"1a1c01bbd47fc00a2c39e90264f33305004495a9","hash":"cf49c7ee449ce598d8dc16d0fa7f97b6a4ec01e2"}
,"/Users/michellekaplan/turing/module4/projects/find_my_market_fe/assets/FMM_logo_bottom_white.png": {"path":"/Users/michellekaplan/turing/module4/projects/find_my_market_fe/assets/FMM_logo_bottom_white.png","statementMap":{"0":{"start":{"line":1,"column":0},"end":{"line":1,"column":19}}},"fnMap":{},"branchMap":{},"s":{"0":1},"f":{},"b":{},"inputSourceMap":null,"_coverageSchema":"1a1c01bbd47fc00a2c39e90264f33305004495a9","hash":"1019c0597547284f83d9786fee49ba28aefd73d0"}
,"/Users/michellekaplan/turing/module4/projects/find_my_market_fe/components/Header/Header.js": {"path":"/Users/michellekaplan/turing/module4/projects/find_my_market_fe/components/Header/Header.js","statementMap":{"0":{"start":{"line":25,"column":15},"end":{"line":177,"column":1}},"1":{"start":{"line":38,"column":34},"end":{"line":89,"column":4}},"2":{"start":{"line":91,"column":2},"end":{"line":176,"column":4}},"3":{"start":{"line":98,"column":12},"end":{"line":98,"column":34}},"4":{"start":{"line":120,"column":10},"end":{"line":120,"column":48}},"5":{"start":{"line":131,"column":18},"end":{"line":131,"column":42}},"6":{"start":{"line":132,"column":18},"end":{"line":132,"column":49}},"7":{"start":{"line":142,"column":18},"end":{"line":147,"column":20}},"8":{"start":{"line":149,"column":40},"end":{"line":149,"column":47}},"9":{"start":{"line":156,"column":16},"end":{"line":156,"column":100}},"10":{"start":{"line":157,"column":16},"end":{"line":157,"column":47}},"11":{"start":{"line":165,"column":16},"end":{"line":165,"column":40}},"12":{"start":{"line":166,"column":16},"end":{"line":166,"column":100}},"13":{"start":{"line":167,"column":16},"end":{"line":167,"column":47}},"14":{"start":{"line":180,"column":15},"end":{"line":250,"column":2}}},"fnMap":{"0":{"name":"(anonymous_0)","decl":{"start":{"line":25,"column":15},"end":{"line":25,"column":16}},"loc":{"start":{"line":34,"column":6},"end":{"line":177,"column":1}},"line":34},"1":{"name":"(anonymous_1)","decl":{"start":{"line":97,"column":19},"end":{"line":97,"column":20}},"loc":{"start":{"line":97,"column":25},"end":{"line":99,"column":11}},"line":97},"2":{"name":"(anonymous_2)","decl":{"start":{"line":119,"column":24},"end":{"line":119,"column":25}},"loc":{"start":{"line":119,"column":30},"end":{"line":121,"column":9}},"line":119},"3":{"name":"(anonymous_3)","decl":{"start":{"line":130,"column":25},"end":{"line":130,"column":26}},"loc":{"start":{"line":130,"column":31},"end":{"line":133,"column":17}},"line":130},"4":{"name":"(anonymous_4)","decl":{"start":{"line":141,"column":28},"end":{"line":141,"column":29}},"loc":{"start":{"line":142,"column":18},"end":{"line":147,"column":20}},"line":142},"5":{"name":"(anonymous_5)","decl":{"start":{"line":149,"column":30},"end":{"line":149,"column":31}},"loc":{"start":{"line":149,"column":40},"end":{"line":149,"column":47}},"line":149},"6":{"name":"(anonymous_6)","decl":{"start":{"line":155,"column":23},"end":{"line":155,"column":24}},"loc":{"start":{"line":155,"column":29},"end":{"line":158,"column":15}},"line":155},"7":{"name":"(anonymous_7)","decl":{"start":{"line":164,"column":23},"end":{"line":164,"column":24}},"loc":{"start":{"line":164,"column":29},"end":{"line":168,"column":15}},"line":164}},"branchMap":{},"s":{"0":2,"1":1,"2":1,"3":0,"4":0,"5":0,"6":0,"7":10,"8":10,"9":0,"10":0,"11":0,"12":0,"13":0,"14":2},"f":{"0":1,"1":0,"2":0,"3":0,"4":10,"5":10,"6":0,"7":0},"b":{},"_coverageSchema":"1a1c01bbd47fc00a2c39e90264f33305004495a9","hash":"87cd83cf284994cb0f893be0055fddbbbe7dc077"}
,"/Users/michellekaplan/turing/module4/projects/find_my_market_fe/components/Home/Home.js": {"path":"/Users/michellekaplan/turing/module4/projects/find_my_market_fe/components/Home/Home.js","statementMap":{"0":{"start":{"line":18,"column":13},"end":{"line":81,"column":1}},"1":{"start":{"line":23,"column":25},"end":{"line":30,"column":3}},"2":{"start":{"line":34,"column":34},"end":{"line":34,"column":57}},"3":{"start":{"line":36,"column":44},"end":{"line":36,"column":56}},"4":{"start":{"line":38,"column":34},"end":{"line":38,"column":48}},"5":{"start":{"line":40,"column":42},"end":{"line":40,"column":57}},"6":{"start":{"line":42,"column":48},"end":{"line":42,"column":60}},"7":{"start":{"line":44,"column":50},"end":{"line":44,"column":62}},"8":{"start":{"line":48,"column":2},"end":{"line":60,"column":9}},"9":{"start":{"line":49,"column":4},"end":{"line":59,"column":9}},"10":{"start":{"line":50,"column":23},"end":{"line":50,"column":63}},"11":{"start":{"line":51,"column":6},"end":{"line":53,"column":7}},"12":{"start":{"line":52,"column":8},"end":{"line":52,"column":64}},"13":{"start":{"line":54,"column":21},"end":{"line":54,"column":63}},"14":{"start":{"line":56,"column":6},"end":{"line":56,"column":28}},"15":{"start":{"line":58,"column":6},"end":{"line":58,"column":90}},"16":{"start":{"line":62,"column":2},"end":{"line":80,"column":4}},"17":{"start":{"line":84,"column":15},"end":{"line":88,"column":2}}},"fnMap":{"0":{"name":"(anonymous_0)","decl":{"start":{"line":18,"column":13},"end":{"line":18,"column":14}},"loc":{"start":{"line":18,"column":19},"end":{"line":81,"column":1}},"line":18},"1":{"name":"(anonymous_1)","decl":{"start":{"line":48,"column":12},"end":{"line":48,"column":13}},"loc":{"start":{"line":48,"column":18},"end":{"line":60,"column":3}},"line":48},"2":{"name":"(anonymous_2)","decl":{"start":{"line":49,"column":5},"end":{"line":49,"column":6}},"loc":{"start":{"line":49,"column":17},"end":{"line":59,"column":5}},"line":49}},"branchMap":{"0":{"loc":{"start":{"line":51,"column":6},"end":{"line":53,"column":7}},"type":"if","locations":[{"start":{"line":51,"column":6},"end":{"line":53,"column":7}},{"start":{"line":51,"column":6},"end":{"line":53,"column":7}}],"line":51}},"s":{"0":1,"1":0,"2":0,"3":0,"4":0,"5":0,"6":0,"7":0,"8":0,"9":0,"10":0,"11":0,"12":0,"13":0,"14":0,"15":0,"16":0,"17":1},"f":{"0":0,"1":0,"2":0},"b":{"0":[0,0]},"_coverageSchema":"1a1c01bbd47fc00a2c39e90264f33305004495a9","hash":"0418575f937f1f949dbc9a0ff310c8c2461c8108"}
,"/Users/michellekaplan/turing/module4/projects/find_my_market_fe/components/ListItem/ListItem.js": {"path":"/Users/michellekaplan/turing/module4/projects/find_my_market_fe/components/ListItem/ListItem.js","statementMap":{"0":{"start":{"line":7,"column":17},"end":{"line":53,"column":1}},"1":{"start":{"line":16,"column":36},"end":{"line":16,"column":51}},"2":{"start":{"line":20,"column":23},"end":{"line":23,"column":3}},"3":{"start":{"line":21,"column":4},"end":{"line":21,"column":52}},"4":{"start":{"line":21,"column":36},"end":{"line":21,"column":50}},"5":{"start":{"line":22,"column":4},"end":{"line":22,"column":20}},"6":{"start":{"line":26,"column":24},"end":{"line":38,"column":3}},"7":{"start":{"line":27,"column":4},"end":{"line":37,"column":5}},"8":{"start":{"line":28,"column":28},"end":{"line":30,"column":7}},"9":{"start":{"line":29,"column":21},"end":{"line":29,"column":49}},"10":{"start":{"line":31,"column":6},"end":{"line":31,"column":72}},"11":{"start":{"line":33,"column":30},"end":{"line":35,"column":7}},"12":{"start":{"line":34,"column":21},"end":{"line":34,"column":42}},"13":{"start":{"line":36,"column":6},"end":{"line":36,"column":50}},"14":{"start":{"line":40,"column":2},"end":{"line":52,"column":4}},"15":{"start":{"line":47,"column":29},"end":{"line":47,"column":43}},"16":{"start":{"line":56,"column":15},"end":{"line":72,"column":2}}},"fnMap":{"0":{"name":"(anonymous_0)","decl":{"start":{"line":7,"column":17},"end":{"line":7,"column":18}},"loc":{"start":{"line":12,"column":6},"end":{"line":53,"column":1}},"line":12},"1":{"name":"(anonymous_1)","decl":{"start":{"line":20,"column":23},"end":{"line":20,"column":24}},"loc":{"start":{"line":20,"column":29},"end":{"line":23,"column":3}},"line":20},"2":{"name":"(anonymous_2)","decl":{"start":{"line":21,"column":17},"end":{"line":21,"column":18}},"loc":{"start":{"line":21,"column":36},"end":{"line":21,"column":50}},"line":21},"3":{"name":"(anonymous_3)","decl":{"start":{"line":26,"column":24},"end":{"line":26,"column":25}},"loc":{"start":{"line":26,"column":30},"end":{"line":38,"column":3}},"line":26},"4":{"name":"(anonymous_4)","decl":{"start":{"line":29,"column":8},"end":{"line":29,"column":9}},"loc":{"start":{"line":29,"column":21},"end":{"line":29,"column":49}},"line":29},"5":{"name":"(anonymous_5)","decl":{"start":{"line":34,"column":8},"end":{"line":34,"column":9}},"loc":{"start":{"line":34,"column":21},"end":{"line":34,"column":42}},"line":34},"6":{"name":"(anonymous_6)","decl":{"start":{"line":47,"column":23},"end":{"line":47,"column":24}},"loc":{"start":{"line":47,"column":29},"end":{"line":47,"column":43}},"line":47}},"branchMap":{"0":{"loc":{"start":{"line":27,"column":4},"end":{"line":37,"column":5}},"type":"if","locations":[{"start":{"line":27,"column":4},"end":{"line":37,"column":5}},{"start":{"line":27,"column":4},"end":{"line":37,"column":5}}],"line":27},"1":{"loc":{"start":{"line":45,"column":20},"end":{"line":45,"column":53}},"type":"cond-expr","locations":[{"start":{"line":45,"column":32},"end":{"line":45,"column":41}},{"start":{"line":45,"column":44},"end":{"line":45,"column":53}}],"line":45}},"s":{"0":2,"1":10,"2":10,"3":0,"4":0,"5":0,"6":10,"7":0,"8":0,"9":0,"10":0,"11":0,"12":0,"13":0,"14":10,"15":0,"16":2},"f":{"0":10,"1":0,"2":0,"3":0,"4":0,"5":0,"6":0},"b":{"0":[0,0],"1":[0,10]},"_coverageSchema":"1a1c01bbd47fc00a2c39e90264f33305004495a9","hash":"42f3162360f0d350dd8706912d67ab8e0c809940"}
,"/Users/michellekaplan/turing/module4/projects/find_my_market_fe/components/Login/Login.js": {"path":"/Users/michellekaplan/turing/module4/projects/find_my_market_fe/components/Login/Login.js","statementMap":{"0":{"start":{"line":19,"column":14},"end":{"line":102,"column":1}},"1":{"start":{"line":22,"column":44},"end":{"line":22,"column":53}},"2":{"start":{"line":26,"column":24},"end":{"line":26,"column":38}},"3":{"start":{"line":34,"column":19},"end":{"line":58,"column":3}},"4":{"start":{"line":35,"column":4},"end":{"line":35,"column":32}},"5":{"start":{"line":36,"column":14},"end":{"line":36,"column":63}},"6":{"start":{"line":60,"column":2},"end":{"line":101,"column":4}},"7":{"start":{"line":76,"column":12},"end":{"line":76,"column":42}},"8":{"start":{"line":79,"column":12},"end":{"line":87,"column":14}},"9":{"start":{"line":84,"column":16},"end":{"line":84,"column":38}},"10":{"start":{"line":105,"column":15},"end":{"line":161,"column":2}}},"fnMap":{"0":{"name":"(anonymous_0)","decl":{"start":{"line":19,"column":14},"end":{"line":19,"column":15}},"loc":{"start":{"line":19,"column":34},"end":{"line":102,"column":1}},"line":19},"1":{"name":"(anonymous_1)","decl":{"start":{"line":34,"column":19},"end":{"line":34,"column":20}},"loc":{"start":{"line":34,"column":29},"end":{"line":58,"column":3}},"line":34},"2":{"name":"(anonymous_2)","decl":{"start":{"line":75,"column":19},"end":{"line":75,"column":20}},"loc":{"start":{"line":75,"column":25},"end":{"line":77,"column":11}},"line":75},"3":{"name":"(anonymous_3)","decl":{"start":{"line":78,"column":18},"end":{"line":78,"column":19}},"loc":{"start":{"line":79,"column":12},"end":{"line":87,"column":14}},"line":79},"4":{"name":"(anonymous_4)","decl":{"start":{"line":83,"column":28},"end":{"line":83,"column":29}},"loc":{"start":{"line":83,"column":39},"end":{"line":85,"column":15}},"line":83}},"branchMap":{},"s":{"0":1,"1":1,"2":1,"3":1,"4":0,"5":0,"6":1,"7":0,"8":1,"9":0,"10":1},"f":{"0":1,"1":0,"2":0,"3":1,"4":0},"b":{},"_coverageSchema":"1a1c01bbd47fc00a2c39e90264f33305004495a9","hash":"841aa4588df1069efacfb9f97b5cfec82c2a28a1"}
,"/Users/michellekaplan/turing/module4/projects/find_my_market_fe/components/Map/Map.js": {"path":"/Users/michellekaplan/turing/module4/projects/find_my_market_fe/components/Map/Map.js","statementMap":{"0":{"start":{"line":18,"column":12},"end":{"line":72,"column":1}},"1":{"start":{"line":20,"column":18},"end":{"line":61,"column":4}},"2":{"start":{"line":21,"column":38},"end":{"line":21,"column":46}},"3":{"start":{"line":23,"column":4},"end":{"line":60,"column":6}},"4":{"start":{"line":52,"column":27},"end":{"line":52,"column":65}},"5":{"start":{"line":63,"column":2},"end":{"line":71,"column":4}},"6":{"start":{"line":75,"column":15},"end":{"line":93,"column":2}}},"fnMap":{"0":{"name":"(anonymous_0)","decl":{"start":{"line":18,"column":12},"end":{"line":18,"column":13}},"loc":{"start":{"line":18,"column":45},"end":{"line":72,"column":1}},"line":18},"1":{"name":"(anonymous_1)","decl":{"start":{"line":20,"column":36},"end":{"line":20,"column":37}},"loc":{"start":{"line":20,"column":50},"end":{"line":61,"column":3}},"line":20},"2":{"name":"(anonymous_2)","decl":{"start":{"line":52,"column":21},"end":{"line":52,"column":22}},"loc":{"start":{"line":52,"column":27},"end":{"line":52,"column":65}},"line":52}},"branchMap":{},"s":{"0":1,"1":0,"2":0,"3":0,"4":0,"5":0,"6":1},"f":{"0":0,"1":0,"2":0},"b":{},"_coverageSchema":"1a1c01bbd47fc00a2c39e90264f33305004495a9","hash":"e2297359b63a56c2d74d80763da474bec8e66550"}
,"/Users/michellekaplan/turing/module4/projects/find_my_market_fe/components/SearchNav/SearchNav.js": {"path":"/Users/michellekaplan/turing/module4/projects/find_my_market_fe/components/SearchNav/SearchNav.js","statementMap":{"0":{"start":{"line":11,"column":18},"end":{"line":73,"column":1}},"1":{"start":{"line":15,"column":44},"end":{"line":15,"column":53}},"2":{"start":{"line":18,"column":23},"end":{"line":18,"column":37}},"3":{"start":{"line":19,"column":24},"end":{"line":19,"column":38}},"4":{"start":{"line":21,"column":2},"end":{"line":72,"column":4}},"5":{"start":{"line":30,"column":12},"end":{"line":30,"column":41}},"6":{"start":{"line":33,"column":12},"end":{"line":41,"column":14}},"7":{"start":{"line":38,"column":16},"end":{"line":38,"column":38}},"8":{"start":{"line":53,"column":12},"end":{"line":53,"column":42}},"9":{"start":{"line":56,"column":12},"end":{"line":64,"column":14}},"10":{"start":{"line":61,"column":16},"end":{"line":61,"column":38}},"11":{"start":{"line":69,"column":77},"end":{"line":69,"column":131}},"12":{"start":{"line":76,"column":15},"end":{"line":104,"column":2}}},"fnMap":{"0":{"name":"(anonymous_0)","decl":{"start":{"line":11,"column":18},"end":{"line":11,"column":19}},"loc":{"start":{"line":11,"column":56},"end":{"line":73,"column":1}},"line":11},"1":{"name":"(anonymous_1)","decl":{"start":{"line":29,"column":19},"end":{"line":29,"column":20}},"loc":{"start":{"line":29,"column":25},"end":{"line":31,"column":11}},"line":29},"2":{"name":"(anonymous_2)","decl":{"start":{"line":32,"column":18},"end":{"line":32,"column":19}},"loc":{"start":{"line":33,"column":12},"end":{"line":41,"column":14}},"line":33},"3":{"name":"(anonymous_3)","decl":{"start":{"line":37,"column":28},"end":{"line":37,"column":29}},"loc":{"start":{"line":37,"column":39},"end":{"line":39,"column":15}},"line":37},"4":{"name":"(anonymous_4)","decl":{"start":{"line":52,"column":19},"end":{"line":52,"column":20}},"loc":{"start":{"line":52,"column":25},"end":{"line":54,"column":11}},"line":52},"5":{"name":"(anonymous_5)","decl":{"start":{"line":55,"column":18},"end":{"line":55,"column":19}},"loc":{"start":{"line":56,"column":12},"end":{"line":64,"column":14}},"line":56},"6":{"name":"(anonymous_6)","decl":{"start":{"line":60,"column":28},"end":{"line":60,"column":29}},"loc":{"start":{"line":60,"column":39},"end":{"line":62,"column":15}},"line":60},"7":{"name":"(anonymous_7)","decl":{"start":{"line":69,"column":67},"end":{"line":69,"column":68}},"loc":{"start":{"line":69,"column":77},"end":{"line":69,"column":131}},"line":69}},"branchMap":{},"s":{"0":3,"1":2,"2":2,"3":2,"4":2,"5":0,"6":2,"7":0,"8":0,"9":2,"10":0,"11":0,"12":3},"f":{"0":2,"1":0,"2":2,"3":0,"4":0,"5":2,"6":0,"7":0},"b":{},"_coverageSchema":"1a1c01bbd47fc00a2c39e90264f33305004495a9","hash":"f56f048cbe4ff50d4338021b07a11bb69bd83bf1"}
}
