TN:
SF:apiCalls.js
FN:1,(anonymous_0)
FN:37,(anonymous_1)
FN:38,(anonymous_2)
FN:43,(anonymous_3)
FN:50,(anonymous_4)
FN:89,(anonymous_5)
FN:90,(anonymous_6)
FN:94,(anonymous_7)
FNF:8
FNH:0
FNDA:0,(anonymous_0)
FNDA:0,(anonymous_1)
FNDA:0,(anonymous_2)
FNDA:0,(anonymous_3)
FNDA:0,(anonymous_4)
FNDA:0,(anonymous_5)
FNDA:0,(anonymous_6)
FNDA:0,(anonymous_7)
DA:1,3
DA:2,0
DA:4,0
DA:37,0
DA:39,0
DA:40,0
DA:41,0
DA:44,0
DA:50,3
DA:51,0
DA:53,0
DA:89,0
DA:91,0
DA:92,0
DA:95,0
LF:15
LH:2
BRF:0
BRH:0
end_of_record
TN:
SF:assets/FMM_logo_bottom_white.png
FNF:0
FNH:0
DA:1,1
LF:1
LH:1
BRF:0
BRH:0
end_of_record
TN:
SF:components/Header/Header.js
FN:25,(anonymous_0)
FN:97,(anonymous_1)
FN:119,(anonymous_2)
FN:130,(anonymous_3)
FN:141,(anonymous_4)
FN:149,(anonymous_5)
FN:155,(anonymous_6)
FN:164,(anonymous_7)
FNF:8
FNH:3
FNDA:1,(anonymous_0)
FNDA:0,(anonymous_1)
FNDA:0,(anonymous_2)
FNDA:0,(anonymous_3)
FNDA:10,(anonymous_4)
FNDA:10,(anonymous_5)
FNDA:0,(anonymous_6)
FNDA:0,(anonymous_7)
DA:25,2
DA:38,1
DA:91,1
DA:98,0
DA:120,0
DA:131,0
DA:132,0
DA:142,10
DA:149,10
DA:156,0
DA:157,0
DA:165,0
DA:166,0
DA:167,0
DA:180,2
LF:15
LH:6
BRF:0
BRH:0
end_of_record
TN:
SF:components/Home/Home.js
FN:18,(anonymous_0)
FN:48,(anonymous_1)
FN:49,(anonymous_2)
FNF:3
FNH:0
FNDA:0,(anonymous_0)
FNDA:0,(anonymous_1)
FNDA:0,(anonymous_2)
DA:18,1
DA:23,0
DA:34,0
DA:36,0
DA:38,0
DA:40,0
DA:42,0
DA:44,0
DA:48,0
DA:49,0
DA:50,0
DA:51,0
DA:52,0
DA:54,0
DA:56,0
DA:58,0
DA:62,0
DA:84,1
LF:18
LH:2
BRDA:51,0,0,0
BRDA:51,0,1,0
BRF:2
BRH:0
end_of_record
TN:
SF:components/ListItem/ListItem.js
FN:7,(anonymous_0)
FN:20,(anonymous_1)
FN:21,(anonymous_2)
FN:26,(anonymous_3)
FN:29,(anonymous_4)
FN:34,(anonymous_5)
FN:47,(anonymous_6)
FNF:7
FNH:1
FNDA:10,(anonymous_0)
FNDA:0,(anonymous_1)
FNDA:0,(anonymous_2)
FNDA:0,(anonymous_3)
FNDA:0,(anonymous_4)
FNDA:0,(anonymous_5)
FNDA:0,(anonymous_6)
DA:7,2
DA:16,10
DA:20,10
DA:21,0
DA:22,0
DA:26,10
DA:27,0
DA:28,0
DA:29,0
DA:31,0
DA:33,0
DA:34,0
DA:36,0
DA:40,10
DA:47,0
DA:56,2
LF:16
LH:6
BRDA:27,0,0,0
BRDA:27,0,1,0
BRDA:45,1,0,0
BRDA:45,1,1,10
BRF:4
BRH:1
end_of_record
TN:
SF:components/Login/Login.js
FN:19,(anonymous_0)
FN:34,(anonymous_1)
FN:75,(anonymous_2)
FN:78,(anonymous_3)
FN:83,(anonymous_4)
FNF:5
FNH:2
FNDA:1,(anonymous_0)
FNDA:0,(anonymous_1)
FNDA:0,(anonymous_2)
FNDA:1,(anonymous_3)
FNDA:0,(anonymous_4)
DA:19,1
DA:22,1
DA:26,1
DA:34,1
DA:35,0
DA:36,0
DA:60,1
DA:76,0
DA:79,1
DA:84,0
DA:105,1
LF:11
LH:7
BRF:0
BRH:0
end_of_record
TN:
SF:components/Map/Map.js
FN:18,(anonymous_0)
FN:20,(anonymous_1)
FN:52,(anonymous_2)
FNF:3
FNH:0
FNDA:0,(anonymous_0)
FNDA:0,(anonymous_1)
FNDA:0,(anonymous_2)
DA:18,1
DA:20,0
DA:21,0
DA:23,0
DA:52,0
DA:63,0
DA:75,1
LF:7
LH:2
BRF:0
BRH:0
end_of_record
TN:
SF:components/SearchNav/SearchNav.js
FN:11,(anonymous_0)
FN:29,(anonymous_1)
FN:32,(anonymous_2)
FN:37,(anonymous_3)
FN:52,(anonymous_4)
FN:55,(anonymous_5)
FN:60,(anonymous_6)
FN:69,(anonymous_7)
FNF:8
FNH:3
FNDA:2,(anonymous_0)
FNDA:0,(anonymous_1)
FNDA:2,(anonymous_2)
FNDA:0,(anonymous_3)
FNDA:0,(anonymous_4)
FNDA:2,(anonymous_5)
FNDA:0,(anonymous_6)
FNDA:0,(anonymous_7)
DA:11,3
DA:15,2
DA:18,2
DA:19,2
DA:21,2
DA:30,0
DA:33,2
DA:38,0
DA:53,0
DA:56,2
DA:61,0
DA:69,0
DA:76,3
LF:13
LH:8
BRF:0
BRH:0
end_of_record
